<?xml version="1.0" encoding="UTF-8"?>
<testsuites name="loginBasic" time="38" tests="2" failures="0" errors="0">
   <testsuite name="loginBasic" tests="2" failures="0" errors="0" time="38" timestamp="2018-12-16 13:31:37" hostname="J-CALEJAS - J-CALEJAS-PC" id="Test Suites/loginBasic">
      <properties>
         <property name="deviceName" value=""/>
         <property name="devicePlatform" value=""/>
         <property name="logFolder" value="C:\\Users\\J-CALEJAS\\git\\AsesorEnLinea\\Reports\\loginBasic\\20181216_133134"/>
         <property name="logFiles" value="C:\\Users\\J-CALEJAS\\git\\AsesorEnLinea\\Reports\\loginBasic\\20181216_133134\\execution0.log"/>
         <property name="attachments" value=""/>
         <property name="hostName" value="J-CALEJAS - J-CALEJAS-PC"/>
         <property name="os" value="Windows 7 64bit"/>
         <property name="katalonVersion" value="5.9.1.2"/>
         <property name="browser" value="Chrome 71.0.3578.98"/>
         <property name="hostAddress" value="192.168.1.10"/>
         <property name="sessionId" value="ca90d91347f0894ac0139d1d32c22a75"/>
         <property name="seleniumVersion" value="3.7.1"/>
         <property name="proxyInformation" value="ProxyInformation{proxyOption=NO_PROXY, proxyServerType=HTTP, password=, proxyServerAddress=, proxyServerPort=0}"/>
         <property name="platform" value="Windows 7"/>
      </properties>
      <testcase name="Test Cases/LoginAsesorBasic" classname="Test Cases/LoginAsesorBasic" status="PASSED">
         <system-out><![CDATA[2018-12-16 13:31:37 - [TEST_CASE][PASSED] - Test Cases/LoginAsesorBasic: Test Cases/LoginAsesorBasic

2018-12-16 13:31:37 - [TEST_STEP][PASSED] - openBrowser(""): Browser is opened with url: ''

2018-12-16 13:31:38 - [MESSAGE][INFO] - Starting 'Chrome' driver

2018-12-16 13:31:38 - [MESSAGE][INFO] - Action delay is set to 0 seconds

2018-12-16 13:31:41 - [MESSAGE][PASSED] - Browser is opened with url: ''

2018-12-16 13:31:41 - [TEST_STEP][PASSED] - navigateToUrl("https://webasesorenlineaqa.azurewebsites.net/Account/Login#!/"): Navigate to 'https://webasesorenlineaqa.azurewebsites.net/Account/Login#!/' successfully

2018-12-16 13:31:48 - [MESSAGE][PASSED] - Navigate to 'https://webasesorenlineaqa.azurewebsites.net/Account/Login#!/' successfully

2018-12-16 13:31:48 - [TEST_STEP][PASSED] - setText(findTestObject("Object Repository/Page_AsesorEnLineaQA/input_INGRESE_UserName"), "pruebasuracallejas@gmail.com"): Text 'pruebasuracallejas@gmail.com' is set on object 'Object Repository/Page_AsesorEnLineaQA/input_INGRESE_UserName'

2018-12-16 13:31:49 - [MESSAGE][PASSED] - Text 'pruebasuracallejas@gmail.com' is set on object 'Object Repository/Page_AsesorEnLineaQA/input_INGRESE_UserName'

2018-12-16 13:31:49 - [TEST_STEP][PASSED] - setEncryptedText(findTestObject("Object Repository/Page_AsesorEnLineaQA/input_INGRESE_Password"), "b+8P+9F4CC4="): Text ****** has been set on object 'Object Repository/Page_AsesorEnLineaQA/input_INGRESE_Password'

2018-12-16 13:31:49 - [MESSAGE][PASSED] - Text ****** has been set on object 'Object Repository/Page_AsesorEnLineaQA/input_INGRESE_Password'

2018-12-16 13:31:49 - [TEST_STEP][PASSED] - click(findTestObject("Object Repository/Page_AsesorEnLineaQA/button_INGRESE")): Object: 'Object Repository/Page_AsesorEnLineaQA/button_INGRESE' is clicked on

2018-12-16 13:31:49 - [MESSAGE][PASSED] - Object: 'Object Repository/Page_AsesorEnLineaQA/button_INGRESE' is clicked on

2018-12-16 13:31:49 - [TEST_STEP][PASSED] - closeBrowser(): Browser is closed

2018-12-16 13:31:50 - [MESSAGE][PASSED] - Browser is closed]]></system-out>
         <system-err><![CDATA[]]></system-err>
      </testcase>
      <testcase name="Test Cases/LoginAfiliadoBasic" classname="Test Cases/LoginAfiliadoBasic" status="PASSED">
         <system-out><![CDATA[2018-12-16 13:31:50 - [TEST_CASE][PASSED] - Test Cases/LoginAfiliadoBasic: Test Cases/LoginAfiliadoBasic

2018-12-16 13:31:50 - [TEST_STEP][PASSED] - openBrowser(""): Browser is opened with url: ''

2018-12-16 13:31:50 - [MESSAGE][INFO] - Starting 'Chrome' driver

2018-12-16 13:31:52 - [MESSAGE][PASSED] - Browser is opened with url: ''

2018-12-16 13:31:52 - [TEST_STEP][PASSED] - navigateToUrl("https://webasesorenlineaqa.azurewebsites.net/Affiliate/LoginAffiliate#!/"): Navigate to 'https://webasesorenlineaqa.azurewebsites.net/Affiliate/LoginAffiliate#!/' successfully

2018-12-16 13:32:00 - [MESSAGE][PASSED] - Navigate to 'https://webasesorenlineaqa.azurewebsites.net/Affiliate/LoginAffiliate#!/' successfully

2018-12-16 13:32:00 - [TEST_STEP][PASSED] - delay(10): Delayed 10 second(s)

2018-12-16 13:32:10 - [MESSAGE][PASSED] - Delayed 10 second(s)

2018-12-16 13:32:10 - [TEST_STEP][PASSED] - selectOptionByValue(findTestObject("Object Repository/AfiliadoBasic/Page_AsesorEnLineaQA/Page_AsesorEnLineaQA/select_Seleccione el Tipo de A"), "3", true): All options with value '3' are selected in object 'Object Repository/AfiliadoBasic/Page_AsesorEnLineaQA/Page_AsesorEnLineaQA/select_Seleccione el Tipo de A'  using regular expression

2018-12-16 13:32:10 - [MESSAGE][PASSED] - All options with value '3' are selected in object 'Object Repository/AfiliadoBasic/Page_AsesorEnLineaQA/Page_AsesorEnLineaQA/select_Seleccione el Tipo de A'  using regular expression

2018-12-16 13:32:10 - [TEST_STEP][PASSED] - selectOptionByValue(findTestObject("Object Repository/AfiliadoBasic/Page_AsesorEnLineaQA/Page_AsesorEnLineaQA/select_Seleccione el Tipo de D"), "1", true): All options with value '1' are selected in object 'Object Repository/AfiliadoBasic/Page_AsesorEnLineaQA/Page_AsesorEnLineaQA/select_Seleccione el Tipo de D'  using regular expression

2018-12-16 13:32:10 - [MESSAGE][PASSED] - All options with value '1' are selected in object 'Object Repository/AfiliadoBasic/Page_AsesorEnLineaQA/Page_AsesorEnLineaQA/select_Seleccione el Tipo de D'  using regular expression

2018-12-16 13:32:10 - [TEST_STEP][PASSED] - setText(findTestObject("Object Repository/AfiliadoBasic/Page_AsesorEnLineaQA/Page_AsesorEnLineaQA/input_CONTINUE_NumeroIdentific"), "71388459"): Text '71388459' is set on object 'Object Repository/AfiliadoBasic/Page_AsesorEnLineaQA/Page_AsesorEnLineaQA/input_CONTINUE_NumeroIdentific'

2018-12-16 13:32:10 - [MESSAGE][PASSED] - Text '71388459' is set on object 'Object Repository/AfiliadoBasic/Page_AsesorEnLineaQA/Page_AsesorEnLineaQA/input_CONTINUE_NumeroIdentific'

2018-12-16 13:32:10 - [TEST_STEP][PASSED] - click(findTestObject("Object Repository/AfiliadoBasic/Page_AsesorEnLineaQA/Page_AsesorEnLineaQA/input_CONTINUE_Email")): Object: 'Object Repository/AfiliadoBasic/Page_AsesorEnLineaQA/Page_AsesorEnLineaQA/input_CONTINUE_Email' is clicked on

2018-12-16 13:32:11 - [MESSAGE][PASSED] - Object: 'Object Repository/AfiliadoBasic/Page_AsesorEnLineaQA/Page_AsesorEnLineaQA/input_CONTINUE_Email' is clicked on

2018-12-16 13:32:11 - [TEST_STEP][PASSED] - setText(findTestObject("Object Repository/AfiliadoBasic/Page_AsesorEnLineaQA/Page_AsesorEnLineaQA/input_CONTINUE_Email"), "pruebas.callejas.asesor.en.linea.afiliado@gmail.com"): Text 'pruebas.callejas.asesor.en.linea.afiliado@gmail.com' is set on object 'Object Repository/AfiliadoBasic/Page_AsesorEnLineaQA/Page_AsesorEnLineaQA/input_CONTINUE_Email'

2018-12-16 13:32:11 - [MESSAGE][PASSED] - Text 'pruebas.callejas.asesor.en.linea.afiliado@gmail.com' is set on object 'Object Repository/AfiliadoBasic/Page_AsesorEnLineaQA/Page_AsesorEnLineaQA/input_CONTINUE_Email'

2018-12-16 13:32:11 - [TEST_STEP][PASSED] - click(findTestObject("Object Repository/AfiliadoBasic/Page_AsesorEnLineaQA/Page_AsesorEnLineaQA/button_CONTINUE")): Object: 'Object Repository/AfiliadoBasic/Page_AsesorEnLineaQA/Page_AsesorEnLineaQA/button_CONTINUE' is clicked on

2018-12-16 13:32:11 - [MESSAGE][PASSED] - Object: 'Object Repository/AfiliadoBasic/Page_AsesorEnLineaQA/Page_AsesorEnLineaQA/button_CONTINUE' is clicked on

2018-12-16 13:32:11 - [TEST_STEP][PASSED] - delay(3): Delayed 3 second(s)

2018-12-16 13:32:14 - [MESSAGE][PASSED] - Delayed 3 second(s)

2018-12-16 13:32:14 - [TEST_STEP][PASSED] - selectOptionByValue(findTestObject("Object Repository/AfiliadoBasic/Page_AsesorEnLineaQA/Page_AsesorEnLineaQA/select_Seleccione la EmpresaIG"), "N900693655", true): All options with value 'N900693655' are selected in object 'Object Repository/AfiliadoBasic/Page_AsesorEnLineaQA/Page_AsesorEnLineaQA/select_Seleccione la EmpresaIG'  using regular expression

2018-12-16 13:32:14 - [MESSAGE][PASSED] - All options with value 'N900693655' are selected in object 'Object Repository/AfiliadoBasic/Page_AsesorEnLineaQA/Page_AsesorEnLineaQA/select_Seleccione la EmpresaIG'  using regular expression

2018-12-16 13:32:14 - [TEST_STEP][PASSED] - click(findTestObject("Object Repository/AfiliadoBasic/Page_AsesorEnLineaQA/Page_AsesorEnLineaQA/button_INGRESE")): Object: 'Object Repository/AfiliadoBasic/Page_AsesorEnLineaQA/Page_AsesorEnLineaQA/button_INGRESE' is clicked on

2018-12-16 13:32:14 - [MESSAGE][PASSED] - Object: 'Object Repository/AfiliadoBasic/Page_AsesorEnLineaQA/Page_AsesorEnLineaQA/button_INGRESE' is clicked on

2018-12-16 13:32:14 - [TEST_STEP][PASSED] - selectOptionByValue(findTestObject("Object Repository/AfiliadoBasic/Page_AsesorEnLineaQA/Page_AsesorEnLineaQA/select_Seleccione la EmpresaIG"), "0", true): All options with value '0' are selected in object 'Object Repository/AfiliadoBasic/Page_AsesorEnLineaQA/Page_AsesorEnLineaQA/select_Seleccione la EmpresaIG'  using regular expression

2018-12-16 13:32:15 - [MESSAGE][PASSED] - All options with value '0' are selected in object 'Object Repository/AfiliadoBasic/Page_AsesorEnLineaQA/Page_AsesorEnLineaQA/select_Seleccione la EmpresaIG'  using regular expression

2018-12-16 13:32:15 - [TEST_STEP][PASSED] - closeBrowser(): Browser is closed

2018-12-16 13:32:15 - [MESSAGE][PASSED] - Browser is closed]]></system-out>
         <system-err><![CDATA[]]></system-err>
      </testcase>
      <system-out><![CDATA[2018-12-16 13:31:37 - [TEST_SUITE][PASSED] - loginBasic: Test Cases/LoginAfiliadoBasic]]></system-out>
      <system-err><![CDATA[]]></system-err>
   </testsuite>
</testsuites>
